Signal API Bot
  Monitor: every 30 min
  Advertise: every 3 days
  Platforms: Twitter/X, Dev.to, Reddit, Discord
2026-04-15 12:08:53,815 [INFO] HTTP Request: GET https://signal-api-lively-sky-8407.fly.dev/health "HTTP/1.1 200 OK"
[2026-04-15T10:08:53.816488+00:00] API: up
2026-04-15 12:08:53,832 [INFO] [2026-04-15T10:08:53.832040+00:00] Ad cycle starting
2026-04-15 12:08:53,832 [INFO]   Used angles — Twitter: ['agent-payments', 'x402-demo'], Reddit: [], Dev.to: ['tutorial', 'agent-economy'], Discord: ['bittensor']
2026-04-15 12:08:54,275 [INFO] TwitterPublisher initialized for @PedroForge
2026-04-15 12:08:54,275 [INFO] Posting thread tweet 1/3
2026-04-15 12:08:54,275 [INFO] Posting tweet (223 chars): If you're building AI trading agents, they all need the same...
2026-04-15 12:08:54,530 [ERROR] HTTP error posting tweet: {
  "account_id": 2036473238155317248,
  "title": "CreditsDepleted",
  "detail": "Your enrolled account [2036473238155317248] does not have any credits to fulfill this request.",
  "type": "https://api.twitter.com/2/problems/credits"
}
2026-04-15 12:08:54,531 [ERROR] Twitter post failed: 402 Client Error: Payment Required for url: https://api.twitter.com/2/tweets
2026-04-15 12:08:54,534 [INFO] DevtoPublisher initialized successfully
2026-04-15 12:08:54,534 [INFO] Publishing article: I Built a Pay-Per-Call Trading Signal API for AI Agents (published=True)
2026-04-15 12:08:55,411 [INFO] Article published successfully: 3504197 - https://dev.to/pmestreforge/i-built-a-pay-per-call-trading-signal-api-for-ai-agents-375o
2026-04-15 12:08:55,411 [INFO] Dev.to: published (static:tutorial) https://dev.to/pmestreforge/i-built-a-pay-per-call-trading-signal-api-for-ai-agents-375o
2026-04-15 12:08:55,412 [WARNING] Reddit: no .env found at Forge/forge-distro/reddit/.env — skipping
2026-04-15 12:08:56,039 [INFO] HTTP Request: POST https://discord.com/api/webhooks/1493915371135303752/J94lVP79rO1oSI95XwyPP2L3TuZlHkf3cGBdWNAt3wbi7IJDHyDry6_MW8Cl62LH_iAU "HTTP/1.1 204 No Content"
2026-04-15 12:08:56,040 [INFO] Discord: posted (angle=agent-builders)
2026-04-15 12:08:56,044 [ERROR] GitHub PR failed for xpaysh/awesome-x402: [WinError 2] The system cannot find the file specified
2026-04-15 12:08:56,045 [INFO] Ad cycle complete
